[2024-01-28 22:33:52] [DEBUG] main.c:10 main() - Пример отладочного сообщения 
[2024-01-28 22:33:52] [INFO] main.c:11 main() - Пример информационного сообщения 
[2024-01-28 22:33:52] [WARNING] main.c:12 main() - Пример предупреждения 
[2024-01-28 22:33:52] [ERROR] main.c:4 test_function() - Пример сообщения об ошибке 
Стек вызовов не реализован.
[2024-01-28 22:33:59] [DEBUG] main.c:10 main() - Пример отладочного сообщения 
[2024-01-28 22:33:59] [INFO] main.c:11 main() - Пример информационного сообщения 
[2024-01-28 22:33:59] [WARNING] main.c:12 main() - Пример предупреждения 
[2024-01-28 22:33:59] [ERROR] main.c:4 test_function() - Пример сообщения об ошибке 
Стек вызовов не реализован.
[2024-01-28 22:34:01] [DEBUG] main.c:10 main() - Пример отладочного сообщения 
[2024-01-28 22:34:01] [INFO] main.c:11 main() - Пример информационного сообщения 
[2024-01-28 22:34:01] [WARNING] main.c:12 main() - Пример предупреждения 
[2024-01-28 22:34:01] [ERROR] main.c:4 test_function() - Пример сообщения об ошибке 
Стек вызовов не реализован.
[2024-01-28 22:34:19] [DEBUG] main.c:10 main() - Пример отладочного сообщения 
[2024-01-28 22:34:19] [INFO] main.c:11 main() - Пример информационного сообщения 
[2024-01-28 22:34:19] [WARNING] main.c:12 main() - Пример предупреждения 
[2024-01-28 22:34:19] [ERROR] main.c:4 test_function() - Пример сообщения об ошибке 
Стек вызовов не реализован.
[2024-01-28 22:34:20] [DEBUG] main.c:10 main() - Пример отладочного сообщения 
[2024-01-28 22:34:20] [INFO] main.c:11 main() - Пример информационного сообщения 
[2024-01-28 22:34:20] [WARNING] main.c:12 main() - Пример предупреждения 
[2024-01-28 22:34:20] [ERROR] main.c:4 test_function() - Пример сообщения об ошибке 
Стек вызовов не реализован.
[2024-01-28 22:34:20] [DEBUG] main.c:10 main() - Пример отладочного сообщения 
[2024-01-28 22:34:20] [INFO] main.c:11 main() - Пример информационного сообщения 
[2024-01-28 22:34:20] [WARNING] main.c:12 main() - Пример предупреждения 
[2024-01-28 22:34:20] [ERROR] main.c:4 test_function() - Пример сообщения об ошибке 
Стек вызовов не реализован.
[2024-01-28 22:34:20] [DEBUG] main.c:10 main() - Пример отладочного сообщения 
[2024-01-28 22:34:20] [INFO] main.c:11 main() - Пример информационного сообщения 
[2024-01-28 22:34:20] [WARNING] main.c:12 main() - Пример предупреждения 
[2024-01-28 22:34:20] [ERROR] main.c:4 test_function() - Пример сообщения об ошибке 
Стек вызовов не реализован.
[2024-01-28 22:34:21] [DEBUG] main.c:10 main() - Пример отладочного сообщения 
[2024-01-28 22:34:21] [INFO] main.c:11 main() - Пример информационного сообщения 
[2024-01-28 22:34:21] [WARNING] main.c:12 main() - Пример предупреждения 
[2024-01-28 22:34:21] [ERROR] main.c:4 test_function() - Пример сообщения об ошибке 
Стек вызовов не реализован.
[2024-01-28 22:34:21] [DEBUG] main.c:10 main() - Пример отладочного сообщения 
[2024-01-28 22:34:21] [INFO] main.c:11 main() - Пример информационного сообщения 
[2024-01-28 22:34:21] [WARNING] main.c:12 main() - Пример предупреждения 
[2024-01-28 22:34:21] [ERROR] main.c:4 test_function() - Пример сообщения об ошибке 
Стек вызовов не реализован.
[2024-01-28 22:34:21] [DEBUG] main.c:10 main() - Пример отладочного сообщения 
[2024-01-28 22:34:21] [INFO] main.c:11 main() - Пример информационного сообщения 
[2024-01-28 22:34:21] [WARNING] main.c:12 main() - Пример предупреждения 
[2024-01-28 22:34:21] [ERROR] main.c:4 test_function() - Пример сообщения об ошибке 
Стек вызовов не реализован.
